[     653ms] [ERROR] Failed to load resource: the server responded with a status of 404 (Not Found) @ http://localhost:5500/manifest.webmanifest:0
[     654ms] [ERROR] Manifest fetch from http://localhost:5500/manifest.webmanifest failed, code 404 @ http://localhost:5500/output/index.html:0
[    1034ms] [LOG] Live reload enabled. @ http://localhost:5500/output/index.html:2483
[    1039ms] [VERBOSE] [DOM] Password field is not contained in a form: (More info: https://goo.gl/9p2vKq) %o @ http://localhost:5500/output/index.html:0
[    1039ms] [VERBOSE] [DOM] Password field is not contained in a form: (More info: https://goo.gl/9p2vKq) %o @ http://localhost:5500/output/index.html:0
[    1039ms] [VERBOSE] [DOM] Password field is not contained in a form: (More info: https://goo.gl/9p2vKq) %o @ http://localhost:5500/output/index.html:0
[    1039ms] [ERROR] Failed to load resource: the server responded with a status of 404 (Not Found) @ http://localhost:5500/api/config:0
[    1040ms] [ERROR] Error: /api/config endpoint not found
    at http://localhost:5500/output/index.html:957:15 @ http://localhost:5500/output/index.html:1066
[    1476ms] [ERROR] A bad HTTP response code (404) was received when fetching the script. @ :0
[    1479ms] Failed to register a ServiceWorker for scope ('http://localhost:5500/') with script ('http://localhost:5500/sw.js'): A bad HTTP response code (404) was received when fetching the script.
[    1496ms] [ERROR] Failed to load resource: the server responded with a status of 404 (Not Found) @ http://localhost:5500/manifest.webmanifest:0
[    1496ms] [ERROR] Manifest fetch from http://localhost:5500/manifest.webmanifest failed, code 404 @ http://localhost:5500/output/index.html:0
[    1496ms] [ERROR] Failed to load resource: the server responded with a status of 404 (Not Found) @ http://localhost:5500/favicon.ico:0
[   40476ms] [VERBOSE] [DOM] Password field is not contained in a form: (More info: https://goo.gl/9p2vKq) %o @ http://localhost:5500/output/index.html:0
[   40476ms] [VERBOSE] [DOM] Password field is not contained in a form: (More info: https://goo.gl/9p2vKq) %o @ http://localhost:5500/output/index.html:0
[   40476ms] [VERBOSE] [DOM] Password field is not contained in a form: (More info: https://goo.gl/9p2vKq) %o @ http://localhost:5500/output/index.html:0
[   40481ms] [ERROR] Failed to load resource: the server responded with a status of 404 (Not Found) @ http://localhost:5500/api/config:0
[   40481ms] [ERROR] Error: /api/config endpoint not found
    at http://localhost:5500/output/index.html:957:15 @ http://localhost:5500/output/index.html:1066
[   40485ms] [ERROR] A bad HTTP response code (404) was received when fetching the script. @ :0
[   40486ms] Failed to register a ServiceWorker for scope ('http://localhost:5500/') with script ('http://localhost:5500/sw.js'): A bad HTTP response code (404) was received when fetching the script.
[   40498ms] [ERROR] Failed to load resource: the server responded with a status of 404 (Not Found) @ http://localhost:5500/manifest.webmanifest:0
[   40498ms] [ERROR] Manifest fetch from http://localhost:5500/manifest.webmanifest failed, code 404 @ http://localhost:5500/output/index.html:0
[  121691ms] [LOG] Found and clicking small button @ :17
[  134104ms] [LOG] fooddbApiResults length: 20 @ :2
[  134104ms] [LOG] fooddbSelected: {} @ :3
[  134104ms] [LOG] First item: {name: 피자_콤비네이션피자, qty: medium, id: 1} @ :7
[  141370ms] [LOG] About to click small button @ :16
[  141370ms] [LOG] changeQtyDB called (call #1): id=1, qty=small @ :7
[  157318ms] [LOG] First API item: {
  "id": 1,
  "name": "피자_콤비네이션피자",
  "category": "빵 및 과자류",
  "maker": "",
  "serving": 200,
  "qty": "medium",
  "cals": {
    "small": 383.6,
    "medium": 548,
    "large": 712.4
  },
  "protein": {
    "small": 15,
    "medium": 21.4,
    "large": 27.8
  },
  "carb": {
    "small": 35.8,
    "medium": 51.1,
    "large": 66.4
  },
  "fat": {
    "small": 20.1,
    "medium": 28.7,
    "large": 37.3
  }
} @ :7
[  183314ms] [VERBOSE] [DOM] Password field is not contained in a form: (More info: https://goo.gl/9p2vKq) %o @ http://localhost:5500/output/index.html:0
[  183314ms] [VERBOSE] [DOM] Password field is not contained in a form: (More info: https://goo.gl/9p2vKq) %o @ http://localhost:5500/output/index.html:0
[  183314ms] [VERBOSE] [DOM] Password field is not contained in a form: (More info: https://goo.gl/9p2vKq) %o @ http://localhost:5500/output/index.html:0
[  183315ms] [ERROR] Failed to load resource: the server responded with a status of 404 (Not Found) @ http://localhost:5500/api/config:0
[  183319ms] [ERROR] Error: /api/config endpoint not found
    at http://localhost:5500/output/index.html:957:15 @ http://localhost:5500/output/index.html:1066
[  183320ms] [ERROR] A bad HTTP response code (404) was received when fetching the script. @ :0
[  183339ms] Failed to register a ServiceWorker for scope ('http://localhost:5500/') with script ('http://localhost:5500/sw.js'): A bad HTTP response code (404) was received when fetching the script.
[  183626ms] [ERROR] Failed to load resource: the server responded with a status of 404 (Not Found) @ http://localhost:5500/manifest.webmanifest:0
[  183627ms] [ERROR] Manifest fetch from http://localhost:5500/manifest.webmanifest failed, code 404 @ http://localhost:5500/output/index.html:0
